<?xml version="1.0" encoding="UTF-8"?>
<testng-results skipped="0" failed="0" ignored="0" total="2" passed="2">
  <reporter-output>
  </reporter-output>
  <suite name="Default suite" duration-ms="4080" started-at="2018-04-23T05:00:38Z" finished-at="2018-04-23T05:00:42Z">
    <groups>
    </groups>
    <test name="Default test" duration-ms="4080" started-at="2018-04-23T05:00:38Z" finished-at="2018-04-23T05:00:42Z">
      <class name="RestAssured.getData">
        <test-method status="PASS" signature="ResponseCode()[pri:0, instance:RestAssured.getData@22eeefeb]" name="ResponseCode" duration-ms="3591" started-at="2018-04-23T05:00:38Z" finished-at="2018-04-23T05:00:41Z">
          <reporter-output>
          </reporter-output>
        </test-method> <!-- ResponseCode -->
        <test-method status="PASS" signature="ResposeBody()[pri:0, instance:RestAssured.getData@22eeefeb]" name="ResposeBody" duration-ms="459" started-at="2018-04-23T05:00:41Z" finished-at="2018-04-23T05:00:42Z">
          <reporter-output>
          </reporter-output>
        </test-method> <!-- ResposeBody -->
      </class> <!-- RestAssured.getData -->
    </test> <!-- Default test -->
  </suite> <!-- Default suite -->
</testng-results>
